<?xml version="1.0" encoding="UTF-8"?>
<!-- Generated by org.testng.reporters.JUnitReportReporter -->
<testsuite hostname="ROB-PC" name="com.qa.tests.PostApiTest" tests="1" failures="0" timestamp="13 Apr 2020 21:19:58 GMT" time="1.277" errors="0">
  <testcase name="verifyPostAPITest" time="1.277" classname="com.qa.tests.PostApiTest"/>
</testsuite> <!-- com.qa.tests.PostApiTest -->
