<?xml version="1.0" encoding="UTF-8"?>
<!-- Generated by org.testng.reporters.JUnitReportReporter -->
<testsuite hostname="ROB-PC" name="com.qa.tests.GetApiTest" tests="1" failures="0" timestamp="13 Apr 2020 21:06:19 GMT" time="335913.250" errors="0">
  <testcase name="getAPITest" time="335913.250" classname="com.qa.tests.GetApiTest"/>
</testsuite> <!-- com.qa.tests.GetApiTest -->
